2023-02-24 12:09:22,398 INFO o.a.j.u.JMeterUtils: Setting Locale to en_EN
2023-02-24 12:09:22,471 INFO o.a.j.JMeter: Loading user properties from: user.properties
2023-02-24 12:09:22,472 INFO o.a.j.JMeter: Loading system properties from: system.properties
2023-02-24 12:09:22,523 INFO o.a.j.JMeter: Copyright (c) 1998-2022 The Apache Software Foundation
2023-02-24 12:09:22,523 INFO o.a.j.JMeter: Version 5.5
2023-02-24 12:09:22,523 INFO o.a.j.JMeter: java.version=1.8.0_361
2023-02-24 12:09:22,523 INFO o.a.j.JMeter: java.vm.name=Java HotSpot(TM) 64-Bit Server VM
2023-02-24 12:09:22,523 INFO o.a.j.JMeter: os.name=Windows 10
2023-02-24 12:09:22,524 INFO o.a.j.JMeter: os.arch=amd64
2023-02-24 12:09:22,524 INFO o.a.j.JMeter: os.version=10.0
2023-02-24 12:09:22,524 INFO o.a.j.JMeter: file.encoding=Cp1252
2023-02-24 12:09:22,524 INFO o.a.j.JMeter: java.awt.headless=null
2023-02-24 12:09:22,526 INFO o.a.j.JMeter: Max memory     =1073741824
2023-02-24 12:09:22,526 INFO o.a.j.JMeter: Available Processors =4
2023-02-24 12:09:22,563 INFO o.a.j.JMeter: Default Locale=English (EN)
2023-02-24 12:09:22,564 INFO o.a.j.JMeter: JMeter  Locale=English (EN)
2023-02-24 12:09:22,565 INFO o.a.j.JMeter: JMeterHome=C:\Users\user\Documents\NeoSoft Project\Microservices\apache-jmeter-5.5\apache-jmeter-5.5
2023-02-24 12:09:22,565 INFO o.a.j.JMeter: user.dir  =C:\Users\user\Documents\NeoSoft Project\Microservices\apache-jmeter-5.5\apache-jmeter-5.5\bin
2023-02-24 12:09:22,567 INFO o.a.j.JMeter: PWD       =C:\Users\user\Documents\NeoSoft Project\Microservices\apache-jmeter-5.5\apache-jmeter-5.5\bin
2023-02-24 12:09:22,570 INFO o.a.j.JMeter: IP: 10.0.61.64 Name: DESKTOP-40NP4J5 FullName: DESKTOP-40NP4J5
2023-02-24 12:09:22,656 INFO o.a.j.JMeter: Loaded icon properties from org/apache/jmeter/images/icon.properties
2023-02-24 12:09:23,577 INFO o.a.j.JMeterGuiLauncher: Setting LAF to: com.github.weisj.darklaf.DarkLaf:com.github.weisj.darklaf.theme.DarculaTheme
2023-02-24 12:18:13,934 INFO o.a.j.p.h.s.HTTPSamplerBase: Parser for text/html is org.apache.jmeter.protocol.http.parser.LagartoBasedHtmlParser
2023-02-24 12:18:13,935 INFO o.a.j.p.h.s.HTTPSamplerBase: Parser for application/xhtml+xml is org.apache.jmeter.protocol.http.parser.LagartoBasedHtmlParser
2023-02-24 12:18:13,935 INFO o.a.j.p.h.s.HTTPSamplerBase: Parser for application/xml is org.apache.jmeter.protocol.http.parser.LagartoBasedHtmlParser
2023-02-24 12:18:13,935 INFO o.a.j.p.h.s.HTTPSamplerBase: Parser for text/xml is org.apache.jmeter.protocol.http.parser.LagartoBasedHtmlParser
2023-02-24 12:18:13,935 INFO o.a.j.p.h.s.HTTPSamplerBase: Parser for text/vnd.wap.wml is org.apache.jmeter.protocol.http.parser.RegexpHTMLParser
2023-02-24 12:18:13,935 INFO o.a.j.p.h.s.HTTPSamplerBase: Parser for text/css is org.apache.jmeter.protocol.http.parser.CssParser
2023-02-24 12:31:12,967 INFO o.a.j.s.SampleResult: Note: Sample TimeStamps are START times
2023-02-24 12:31:12,968 INFO o.a.j.s.SampleResult: sampleresult.default.encoding is set to ISO-8859-1
2023-02-24 12:31:12,968 INFO o.a.j.s.SampleResult: sampleresult.useNanoTime=true
2023-02-24 12:31:12,968 INFO o.a.j.s.SampleResult: sampleresult.nanoThreadSleep=5000
2023-02-24 12:31:55,860 INFO o.a.j.s.FileServer: Default base='C:\Users\user\Documents\NeoSoft Project\Microservices\apache-jmeter-5.5\apache-jmeter-5.5\bin'
2023-02-24 12:31:55,864 INFO o.a.j.s.FileServer: Set new base='C:\Users\user\Documents\NeoSoft Project\Microservices\apache-jmeter-5.5\apache-jmeter-5.5\bin'
2023-02-24 12:31:56,116 INFO o.a.j.s.SaveService: Testplan (JMX) version: 2.2. Testlog (JTL) version: 2.2
2023-02-24 12:31:56,156 INFO o.a.j.s.SaveService: Using SaveService properties file encoding UTF-8
2023-02-24 12:31:56,158 INFO o.a.j.s.SaveService: Using SaveService properties version 5.0
2023-02-24 12:31:56,204 INFO o.a.j.e.StandardJMeterEngine: Running the test!
2023-02-24 12:31:56,206 INFO o.a.j.s.SampleEvent: List of sample_variables: []
2023-02-24 12:31:56,206 INFO o.a.j.s.SampleEvent: List of sample_variables: []
2023-02-24 12:31:56,208 INFO o.a.j.e.u.CompoundVariable: Note: Function class names must contain the string: '.functions.'
2023-02-24 12:31:56,208 INFO o.a.j.e.u.CompoundVariable: Note: Function class names must not contain the string: '.gui.'
2023-02-24 12:31:56,589 INFO o.a.j.g.u.JMeterMenuBar: setRunning(true, *local*)
2023-02-24 12:31:56,963 INFO o.a.j.e.StandardJMeterEngine: Starting ThreadGroup: 1 : Thread Group
2023-02-24 12:31:56,963 INFO o.a.j.e.StandardJMeterEngine: Starting 15 threads for group Thread Group.
2023-02-24 12:31:56,963 INFO o.a.j.e.StandardJMeterEngine: Thread will continue on error
2023-02-24 12:31:56,964 INFO o.a.j.t.ThreadGroup: Starting thread group... number=1 threads=15 ramp-up=1 delayedStart=false
2023-02-24 12:31:56,988 INFO o.a.j.t.ThreadGroup: Started thread group number 1
2023-02-24 12:31:56,988 INFO o.a.j.e.StandardJMeterEngine: All thread groups have been started
2023-02-24 12:31:56,997 INFO o.a.j.t.JMeterThread: Thread started: Thread Group 1-1
2023-02-24 12:31:57,028 INFO o.a.j.p.h.s.HTTPHCAbstractImpl: Local host = DESKTOP-40NP4J5
2023-02-24 12:31:57,045 INFO o.a.j.p.h.s.HTTPHC4Impl: HTTP request retry count = 0
2023-02-24 12:31:57,050 INFO o.a.j.t.JMeterThread: Thread started: Thread Group 1-2
2023-02-24 12:31:57,116 INFO o.a.j.t.JMeterThread: Thread started: Thread Group 1-3
2023-02-24 12:31:57,182 INFO o.a.j.t.JMeterThread: Thread started: Thread Group 1-4
2023-02-24 12:31:57,248 INFO o.a.j.t.JMeterThread: Thread started: Thread Group 1-5
2023-02-24 12:31:57,316 INFO o.a.j.t.JMeterThread: Thread started: Thread Group 1-6
2023-02-24 12:31:57,382 INFO o.a.j.t.JMeterThread: Thread started: Thread Group 1-7
2023-02-24 12:31:57,448 INFO o.a.j.t.JMeterThread: Thread started: Thread Group 1-8
2023-02-24 12:31:57,516 INFO o.a.j.t.JMeterThread: Thread started: Thread Group 1-9
2023-02-24 12:31:57,582 INFO o.a.j.t.JMeterThread: Thread started: Thread Group 1-10
2023-02-24 12:31:57,648 INFO o.a.j.t.JMeterThread: Thread started: Thread Group 1-11
2023-02-24 12:31:57,716 INFO o.a.j.t.JMeterThread: Thread started: Thread Group 1-12
2023-02-24 12:31:57,782 INFO o.a.j.t.JMeterThread: Thread started: Thread Group 1-13
2023-02-24 12:31:57,849 INFO o.a.j.t.JMeterThread: Thread started: Thread Group 1-14
2023-02-24 12:31:57,915 INFO o.a.j.t.JMeterThread: Thread started: Thread Group 1-15
2023-02-24 12:32:01,336 INFO o.a.j.t.JMeterThread: Thread is done: Thread Group 1-1
2023-02-24 12:32:01,337 INFO o.a.j.t.JMeterThread: Thread finished: Thread Group 1-1
2023-02-24 12:32:01,337 INFO o.a.j.t.JMeterThread: Thread is done: Thread Group 1-3
2023-02-24 12:32:01,337 INFO o.a.j.t.JMeterThread: Thread finished: Thread Group 1-3
2023-02-24 12:32:01,337 INFO o.a.j.t.JMeterThread: Thread is done: Thread Group 1-4
2023-02-24 12:32:01,337 INFO o.a.j.t.JMeterThread: Thread finished: Thread Group 1-4
2023-02-24 12:32:01,338 INFO o.a.j.t.JMeterThread: Thread is done: Thread Group 1-5
2023-02-24 12:32:01,338 INFO o.a.j.t.JMeterThread: Thread finished: Thread Group 1-5
2023-02-24 12:32:01,338 INFO o.a.j.t.JMeterThread: Thread is done: Thread Group 1-2
2023-02-24 12:32:01,339 INFO o.a.j.t.JMeterThread: Thread finished: Thread Group 1-2
2023-02-24 12:32:01,420 INFO o.a.j.t.JMeterThread: Thread is done: Thread Group 1-6
2023-02-24 12:32:01,420 INFO o.a.j.t.JMeterThread: Thread finished: Thread Group 1-6
2023-02-24 12:32:01,481 INFO o.a.j.t.JMeterThread: Thread is done: Thread Group 1-7
2023-02-24 12:32:01,482 INFO o.a.j.t.JMeterThread: Thread finished: Thread Group 1-7
2023-02-24 12:32:01,546 INFO o.a.j.t.JMeterThread: Thread is done: Thread Group 1-8
2023-02-24 12:32:01,546 INFO o.a.j.t.JMeterThread: Thread finished: Thread Group 1-8
2023-02-24 12:32:01,622 INFO o.a.j.t.JMeterThread: Thread is done: Thread Group 1-9
2023-02-24 12:32:01,622 INFO o.a.j.t.JMeterThread: Thread finished: Thread Group 1-9
2023-02-24 12:32:01,687 INFO o.a.j.t.JMeterThread: Thread is done: Thread Group 1-10
2023-02-24 12:32:01,687 INFO o.a.j.t.JMeterThread: Thread finished: Thread Group 1-10
2023-02-24 12:32:01,748 INFO o.a.j.t.JMeterThread: Thread is done: Thread Group 1-11
2023-02-24 12:32:01,748 INFO o.a.j.t.JMeterThread: Thread finished: Thread Group 1-11
2023-02-24 12:32:01,796 INFO o.a.j.t.JMeterThread: Thread is done: Thread Group 1-12
2023-02-24 12:32:01,796 INFO o.a.j.t.JMeterThread: Thread finished: Thread Group 1-12
2023-02-24 12:32:01,860 INFO o.a.j.t.JMeterThread: Thread is done: Thread Group 1-13
2023-02-24 12:32:01,860 INFO o.a.j.t.JMeterThread: Thread finished: Thread Group 1-13
2023-02-24 12:32:01,954 INFO o.a.j.t.JMeterThread: Thread is done: Thread Group 1-14
2023-02-24 12:32:01,955 INFO o.a.j.t.JMeterThread: Thread finished: Thread Group 1-14
2023-02-24 12:32:02,000 INFO o.a.j.t.JMeterThread: Thread is done: Thread Group 1-15
2023-02-24 12:32:02,001 INFO o.a.j.t.JMeterThread: Thread finished: Thread Group 1-15
2023-02-24 12:32:02,001 INFO o.a.j.e.StandardJMeterEngine: Notifying test listeners of end of test
2023-02-24 12:32:02,001 INFO o.a.j.g.u.JMeterMenuBar: setRunning(false, *local*)
2023-02-24 12:42:12,803 INFO o.a.j.e.StandardJMeterEngine: Running the test!
2023-02-24 12:42:12,803 INFO o.a.j.s.SampleEvent: List of sample_variables: []
2023-02-24 12:42:12,806 INFO o.a.j.g.u.JMeterMenuBar: setRunning(true, *local*)
2023-02-24 12:42:13,044 INFO o.a.j.e.StandardJMeterEngine: Starting ThreadGroup: 1 : Thread Group
2023-02-24 12:42:13,044 INFO o.a.j.e.StandardJMeterEngine: Starting 15 threads for group Thread Group.
2023-02-24 12:42:13,044 INFO o.a.j.e.StandardJMeterEngine: Thread will continue on error
2023-02-24 12:42:13,044 INFO o.a.j.t.ThreadGroup: Starting thread group... number=1 threads=15 ramp-up=2 delayedStart=false
2023-02-24 12:42:13,053 INFO o.a.j.t.ThreadGroup: Started thread group number 1
2023-02-24 12:42:13,053 INFO o.a.j.e.StandardJMeterEngine: All thread groups have been started
2023-02-24 12:42:13,076 INFO o.a.j.t.JMeterThread: Thread started: Thread Group 1-1
2023-02-24 12:42:13,210 INFO o.a.j.t.JMeterThread: Thread started: Thread Group 1-2
2023-02-24 12:42:13,341 INFO o.a.j.t.JMeterThread: Thread started: Thread Group 1-3
2023-02-24 12:42:13,475 INFO o.a.j.t.JMeterThread: Thread started: Thread Group 1-4
2023-02-24 12:42:13,608 INFO o.a.j.t.JMeterThread: Thread started: Thread Group 1-5
2023-02-24 12:42:13,740 INFO o.a.j.t.JMeterThread: Thread started: Thread Group 1-6
2023-02-24 12:42:13,873 INFO o.a.j.t.JMeterThread: Thread started: Thread Group 1-7
2023-02-24 12:42:14,006 INFO o.a.j.t.JMeterThread: Thread started: Thread Group 1-8
2023-02-24 12:42:14,138 INFO o.a.j.t.JMeterThread: Thread started: Thread Group 1-9
2023-02-24 12:42:14,268 INFO o.a.j.t.JMeterThread: Thread started: Thread Group 1-10
2023-02-24 12:42:14,400 INFO o.a.j.t.JMeterThread: Thread started: Thread Group 1-11
2023-02-24 12:42:14,533 INFO o.a.j.t.JMeterThread: Thread started: Thread Group 1-12
2023-02-24 12:42:14,665 INFO o.a.j.t.JMeterThread: Thread started: Thread Group 1-13
2023-02-24 12:42:14,807 INFO o.a.j.t.JMeterThread: Thread started: Thread Group 1-14
2023-02-24 12:42:14,931 INFO o.a.j.t.JMeterThread: Thread started: Thread Group 1-15
2023-02-24 12:42:17,867 INFO o.a.j.t.JMeterThread: Thread is done: Thread Group 1-3
2023-02-24 12:42:17,867 INFO o.a.j.t.JMeterThread: Thread finished: Thread Group 1-3
2023-02-24 12:42:17,946 INFO o.a.j.t.JMeterThread: Thread is done: Thread Group 1-4
2023-02-24 12:42:17,946 INFO o.a.j.t.JMeterThread: Thread finished: Thread Group 1-4
2023-02-24 12:42:18,031 INFO o.a.j.t.JMeterThread: Thread is done: Thread Group 1-2
2023-02-24 12:42:18,032 INFO o.a.j.t.JMeterThread: Thread finished: Thread Group 1-2
2023-02-24 12:42:18,054 INFO o.a.j.t.JMeterThread: Thread is done: Thread Group 1-1
2023-02-24 12:42:18,054 INFO o.a.j.t.JMeterThread: Thread finished: Thread Group 1-1
2023-02-24 12:42:18,634 INFO o.a.j.t.JMeterThread: Thread is done: Thread Group 1-7
2023-02-24 12:42:18,634 INFO o.a.j.t.JMeterThread: Thread finished: Thread Group 1-7
2023-02-24 12:42:18,678 INFO o.a.j.t.JMeterThread: Thread is done: Thread Group 1-6
2023-02-24 12:42:18,678 INFO o.a.j.t.JMeterThread: Thread is done: Thread Group 1-9
2023-02-24 12:42:18,678 INFO o.a.j.t.JMeterThread: Thread finished: Thread Group 1-6
2023-02-24 12:42:18,679 INFO o.a.j.t.JMeterThread: Thread finished: Thread Group 1-9
2023-02-24 12:42:18,741 INFO o.a.j.t.JMeterThread: Thread is done: Thread Group 1-8
2023-02-24 12:42:18,741 INFO o.a.j.t.JMeterThread: Thread finished: Thread Group 1-8
2023-02-24 12:42:18,742 INFO o.a.j.t.JMeterThread: Thread is done: Thread Group 1-5
2023-02-24 12:42:18,742 INFO o.a.j.t.JMeterThread: Thread finished: Thread Group 1-5
2023-02-24 12:42:19,042 INFO o.a.j.t.JMeterThread: Thread is done: Thread Group 1-11
2023-02-24 12:42:19,042 INFO o.a.j.t.JMeterThread: Thread finished: Thread Group 1-11
2023-02-24 12:42:19,042 INFO o.a.j.t.JMeterThread: Thread is done: Thread Group 1-10
2023-02-24 12:42:19,042 INFO o.a.j.t.JMeterThread: Thread finished: Thread Group 1-10
2023-02-24 12:42:19,229 INFO o.a.j.t.JMeterThread: Thread is done: Thread Group 1-13
2023-02-24 12:42:19,229 INFO o.a.j.t.JMeterThread: Thread finished: Thread Group 1-13
2023-02-24 12:42:19,243 INFO o.a.j.t.JMeterThread: Thread is done: Thread Group 1-12
2023-02-24 12:42:19,244 INFO o.a.j.t.JMeterThread: Thread finished: Thread Group 1-12
2023-02-24 12:42:19,277 INFO o.a.j.t.JMeterThread: Thread is done: Thread Group 1-14
2023-02-24 12:42:19,277 INFO o.a.j.t.JMeterThread: Thread finished: Thread Group 1-14
2023-02-24 12:42:19,547 INFO o.a.j.t.JMeterThread: Thread is done: Thread Group 1-15
2023-02-24 12:42:19,547 INFO o.a.j.t.JMeterThread: Thread finished: Thread Group 1-15
2023-02-24 12:42:19,550 INFO o.a.j.e.StandardJMeterEngine: Notifying test listeners of end of test
2023-02-24 12:42:19,553 INFO o.a.j.g.u.JMeterMenuBar: setRunning(false, *local*)
